
===============Start Loging================

2013/02/28 10:36:16:703 	Before connect ip = 192.168.25.203, port = 1515
2013/02/28 10:36:18:781 	Connected 1676
2013/02/28 10:41:50:640 	Disconnect 1676

===============Finish Loging================


===============Start Loging================

2013/02/28 11:29:11:125 	Before connect ip = 192.168.25.203, port = 1515
2013/02/28 11:29:13:421 	Connected 1652
2013/02/28 11:31:55:984 	Disconnect 1652

===============Finish Loging================


===============Start Loging================

2013/02/28 11:38:48:046 	Before connect ip = 192.168.25.203, port = 1515
2013/02/28 11:38:52:359 	Connected 1668
2013/02/28 11:42:32:296 	Disconnect 1668

===============Finish Loging================


===============Start Loging================

2013/02/28 11:44:09:156 	Before connect ip = 192.168.25.203, port = 1515
2013/02/28 11:44:10:984 	Connected 1648
2013/02/28 11:46:32:031 	Disconnect 1648

===============Finish Loging================


===============Start Loging================

2013/02/28 11:49:06:406 	Before connect ip = 192.168.25.203, port = 1515
2013/02/28 11:49:09:343 	Connected 1648
2013/02/28 11:49:51:359 	Disconnect 1648

===============Finish Loging================


===============Start Loging================

2013/02/28 11:52:20:406 	Before connect ip = 192.168.25.203, port = 1515
2013/02/28 11:52:23:781 	Connected 1660
2013/02/28 11:53:49:828 	Disconnect 1660

===============Finish Loging================


===============Start Loging================

2013/02/28 11:55:43:343 	Before connect ip = 192.168.25.203, port = 1515
2013/02/28 11:55:46:515 	Connected 1668
2013/02/28 11:56:30:843 	Disconnect 1668

===============Finish Loging================


===============Start Loging================

2013/02/28 11:59:47:671 	Before connect ip = 192.168.25.203, port = 1515
2013/02/28 11:59:50:937 	Connected 1648
2013/02/28 12:00:35:281 	Disconnect 1648

===============Finish Loging================


===============Start Loging================

2013/02/28 12:01:47:593 	Before connect ip = 192.168.25.203, port = 1515
2013/02/28 12:01:51:109 	Connected 1664
2013/02/28 12:02:22:859 	Disconnect 1664

===============Finish Loging================


===============Start Loging================

2013/02/28 12:02:47:359 	Before connect ip = 192.168.25.203, port = 1515
2013/02/28 12:02:50:046 	Connected 1600
2013/02/28 12:03:39:265 	Disconnect 1600

===============Finish Loging================


===============Start Loging================

2013/02/28 12:12:30:109 	Before connect ip = 192.168.25.203, port = 1515
2013/02/28 12:12:33:671 	Connected 1696
2013/02/28 12:13:18:859 	Disconnect 1696

===============Finish Loging================


===============Start Loging================

2013/02/28 12:13:43:437 	Before connect ip = 192.168.25.203, port = 1515
2013/02/28 12:13:46:093 	Connected 1648
2013/02/28 12:15:52:859 	Disconnect 1648

===============Finish Loging================


===============Start Loging================

2013/02/28 12:17:00:515 	Before connect ip = 192.168.25.203, port = 1515
2013/02/28 12:17:03:750 	Connected 1600

===============Start Loging================

2013/02/28 12:19:22:718 	Before connect ip = 192.168.25.203, port = 1515
2013/02/28 12:19:27:015 	Connected 1660
2013/02/28 12:23:02:593 	Disconnect 1660

===============Finish Loging================


===============Start Loging================

2013/02/28 12:24:14:531 	Before connect ip = 192.168.25.203, port = 1515
2013/02/28 12:24:17:500 	Connected 1668
2013/02/28 12:25:43:312 	Disconnect 1668

===============Finish Loging================


===============Start Loging================

2013/02/28 12:38:10:093 	Before connect ip = 192.168.25.203, port = 1515
2013/02/28 12:38:13:234 	Connected 1664
2013/02/28 12:39:12:218 	Disconnect 1664

===============Finish Loging================


===============Start Loging================

2013/02/28 13:39:44:578 	Before connect ip = 192.168.25.203, port = 1515
2013/02/28 13:39:48:562 	Connected 1684

===============Start Loging================

2013/02/28 13:48:46:234 	Before connect ip = 192.168.25.203, port = 1515
2013/02/28 13:48:50:156 	Connected 1684
2013/02/28 13:55:12:765 	Disconnect 1684

===============Finish Loging================


===============Start Loging================

2013/02/28 13:58:11:703 	Before connect ip = 192.168.25.203, port = 1515
2013/02/28 13:58:15:015 	Connected 1664

===============Start Loging================

2013/02/28 14:01:40:296 	Before connect ip = 192.168.25.203, port = 1515
2013/02/28 14:01:41:828 	Connected 1664
2013/02/28 14:02:20:062 	Disconnect 1664

===============Finish Loging================


===============Start Loging================

2013/02/28 14:03:08:093 	Before connect ip = 192.168.25.203, port = 1515
2013/02/28 14:03:11:109 	Connected 1772

===============Start Loging================

2013/02/28 14:07:32:578 	Before connect ip = 192.168.25.203, port = 1515
2013/02/28 14:07:36:046 	Connected 1676
2013/02/28 14:21:53:015 	Disconnect 1676

===============Finish Loging================


===============Start Loging================

2013/02/28 14:26:52:562 	Before connect ip = 192.168.25.203, port = 1515
2013/02/28 14:26:54:281 	Connected 1672
2013/02/28 14:36:06:921 	Disconnect 1672

===============Finish Loging================


===============Start Loging================

2013/02/28 14:37:26:218 	Before connect ip = 192.168.25.203, port = 1515
2013/02/28 14:37:29:812 	Connected 1664

===============Start Loging================

2013/02/28 14:39:59:609 	Before connect ip = 192.168.25.203, port = 1515
2013/02/28 14:40:03:062 	Connected 1672
2013/02/28 14:40:33:437 	Disconnect 1672

===============Finish Loging================


===============Start Loging================

2013/02/28 14:41:13:843 	Before connect ip = 192.168.25.203, port = 1515
2013/02/28 14:41:13:843 	Connected 1660
2013/02/28 14:41:41:828 	Disconnect 1660

===============Finish Loging================


===============Start Loging================

2013/02/28 14:42:05:984 	Before connect ip = 192.168.25.203, port = 1515
2013/02/28 14:42:09:015 	Connected 1664
2013/02/28 14:43:59:015 	Disconnect 1664

===============Finish Loging================


===============Start Loging================

2013/02/28 14:46:06:187 	Before connect ip = 192.168.25.203, port = 1515
2013/02/28 14:46:08:593 	Connected 1672
2013/02/28 14:47:25:859 	Disconnect 1672

===============Finish Loging================


===============Start Loging================

2013/02/28 14:47:38:156 	Before connect ip = 192.168.25.203, port = 1515
2013/02/28 14:47:41:093 	Connected 1664
2013/02/28 14:48:05:812 	Disconnect 1664

===============Finish Loging================


===============Start Loging================

2013/02/28 14:48:29:531 	Before connect ip = 192.168.25.203, port = 1515
2013/02/28 14:48:33:031 	Connected 1668
2013/02/28 14:50:13:875 	Disconnect 1668

===============Finish Loging================


===============Start Loging================

2013/02/28 14:51:08:421 	Before connect ip = 192.168.25.203, port = 1515
2013/02/28 14:51:11:843 	Connected 1776
2013/02/28 14:52:44:468 	Disconnect 1776

===============Finish Loging================


===============Start Loging================

2013/02/28 14:53:38:375 	Before connect ip = 192.168.25.203, port = 1515
2013/02/28 14:53:41:500 	Connected 1664
2013/02/28 14:54:40:859 	Disconnect 1664

===============Finish Loging================


===============Start Loging================

2013/02/28 14:54:52:906 	Before connect ip = 192.168.25.203, port = 1515
2013/02/28 14:54:56:125 	Connected 1664

===============Start Loging================

2013/02/28 14:57:55:187 	Before connect ip = 192.168.25.203, port = 1515
2013/02/28 14:57:58:015 	Connected 1672
2013/02/28 14:58:48:703 	Disconnect 1672

===============Finish Loging================


===============Start Loging================

2013/02/28 15:00:16:250 	Before connect ip = 192.168.25.203, port = 1515
2013/02/28 15:00:19:484 	Connected 1664
2013/02/28 15:01:07:203 	Disconnect 1664

===============Finish Loging================


===============Start Loging================

2013/02/28 15:02:06:718 	Before connect ip = 192.168.25.203, port = 1515
2013/02/28 15:02:10:171 	Connected 1664
2013/02/28 15:15:25:000 	Disconnect 1664

===============Finish Loging================


===============Start Loging================

2013/02/28 15:16:48:828 	Before connect ip = 192.168.25.203, port = 1515
2013/02/28 15:16:51:812 	Connected 1672
2013/02/28 15:20:00:453 	Disconnect 1672

===============Finish Loging================


===============Start Loging================

2013/02/28 15:31:13:578 	Before connect ip = 192.168.25.203, port = 1515
2013/02/28 15:31:17:359 	Connected 1664
2013/02/28 15:32:15:140 	Disconnect 1664

===============Finish Loging================


===============Start Loging================

2013/02/28 15:32:34:750 	Before connect ip = 192.168.25.203, port = 1515
2013/02/28 15:32:38:390 	Connected 1660
2013/02/28 15:33:12:296 	Disconnect 1660

===============Finish Loging================


===============Start Loging================

2013/02/28 15:33:42:218 	Before connect ip = 192.168.25.203, port = 1515
2013/02/28 15:33:45:453 	Connected 1664
2013/02/28 15:34:18:140 	Disconnect 1664

===============Finish Loging================


===============Start Loging================

2013/02/28 15:34:53:796 	Before connect ip = 192.168.25.203, port = 1515
2013/02/28 15:34:57:265 	Connected 1668
2013/02/28 15:35:13:437 	Disconnect 1668

===============Finish Loging================


===============Start Loging================

2013/02/28 15:36:54:390 	Before connect ip = 192.168.25.203, port = 1515
2013/02/28 15:36:58:109 	Connected 1680
2013/02/28 15:37:43:421 	Disconnect 1680

===============Finish Loging================


===============Start Loging================

2013/02/28 15:39:54:062 	Before connect ip = 192.168.25.203, port = 1515
2013/02/28 15:39:58:890 	Connected 1672
2013/02/28 15:40:37:046 	Disconnect 1672

===============Finish Loging================


===============Start Loging================

2013/02/28 15:40:49:109 	Before connect ip = 192.168.25.203, port = 1515
2013/02/28 15:40:52:328 	Connected 1660
2013/02/28 15:41:09:390 	Disconnect 1660

===============Finish Loging================

